<?xml version="1.0" encoding="utf-8"?><testsuites name="pytest tests"><testsuite name="pytest" errors="0" failures="0" skipped="0" tests="5" time="0.543" timestamp="2026-06-12T02:49:41.689346+06:00" hostname="DESKTOP-H1P812B"><testcase classname="tests.test_prompt_regression" name="test_code_explanation_regression[case_1]" time="0.311" /><testcase classname="tests.test_prompt_regression" name="test_code_explanation_regression[case_2]" time="0.044" /><testcase classname="tests.test_prompt_regression" name="test_code_explanation_regression[case_3]" time="0.040" /><testcase classname="tests.test_prompt_regression" name="test_code_explanation_regression[case_4]" time="0.045" /><testcase classname="tests.test_prompt_regression" name="test_code_explanation_regression[case_5]" time="0.043" /></testsuite></testsuites>